<?xml version="1.0" encoding="UTF-8"?>
<!-- Generated by org.testng.reporters.JUnitReportReporter -->
<testsuite skipped="0" hostname="SUCCESS" name="testcases.SC02TC01" tests="1" failures="0" timestamp="12 Nov 2018 15:51:43 GMT" time="180.149" errors="0">
  <testcase name="DEL" time="180.149" classname="testcases.SC02TC01"/>
</testsuite> <!-- testcases.SC02TC01 -->
