<?xml version="1.0" encoding="UTF-8"?>
<!-- Generated by org.testng.reporters.JUnitReportReporter -->
<testsuite skipped="0" hostname="SUCCESS" name="testcases.SC01TC02" tests="1" failures="0" timestamp="12 Nov 2018 15:09:48 GMT" time="172.495" errors="0">
  <testcase name="EL" time="172.495" classname="testcases.SC01TC02"/>
</testsuite> <!-- testcases.SC01TC02 -->
