<?xml version="1.0" encoding="UTF-8"?>
<!-- Generated by org.testng.reporters.JUnitReportReporter -->
<testsuite skipped="0" hostname="SUCCESS" name="testcases.SC02TC02" tests="1" failures="0" timestamp="13 Nov 2018 01:44:47 GMT" time="174.867" errors="0">
  <testcase name="login" time="174.867" classname="testcases.SC02TC02"/>
</testsuite> <!-- testcases.SC02TC02 -->
