<?xml version="1.0" encoding="UTF-8"?>
<!-- Generated by org.testng.reporters.JUnitReportReporter -->
<testsuite skipped="0" hostname="SUCCESS" name="testcases.CreateLead" tests="1" failures="0" timestamp="12 Nov 2018 11:59:07 GMT" time="145.151" errors="0">
  <testcase name="login" time="145.151" classname="testcases.CreateLead"/>
</testsuite> <!-- testcases.CreateLead -->
